<?xml version="1.0"?>
<!DOCTYPE coverage SYSTEM "http://cobertura.sourceforge.net/xml/coverage-04.dtd">

<coverage line-rate="0.6990208599404002" branch-rate="0.7197802197802198" lines-covered="1642" lines-valid="2349" branches-covered="786" branches-valid="1092" complexity="4.269662921348314" version="1.9.4.1" timestamp="1378585677743">
	<sources>
		<source>--source</source>
		<source>/home/akira/.svnworkspace/Documents/PhD/workspaceDSO/hyphenType/src/main/java</source>
	</sources>
	<packages>
		<package name="org.hyphenType.datastructure" line-rate="1.0" branch-rate="1.0" complexity="1.0">
			<classes>
				<class name="org.hyphenType.datastructure.Options" filename="org/hyphenType/datastructure/Options.java" line-rate="1.0" branch-rate="1.0" complexity="1.0">
					<methods>
					</methods>
					<lines>
					</lines>
				</class>
			</classes>
		</package>
		<package name="org.hyphenType.datastructure.annotations" line-rate="1.0" branch-rate="1.0" complexity="0.0">
			<classes>
				<class name="org.hyphenType.datastructure.annotations.ArgumentsObject" filename="org/hyphenType/datastructure/annotations/ArgumentsObject.java" line-rate="1.0" branch-rate="1.0" complexity="0.0">
					<methods>
					</methods>
					<lines>
					</lines>
				</class>
				<class name="org.hyphenType.datastructure.annotations.InputChannel" filename="org/hyphenType/datastructure/annotations/InputChannel.java" line-rate="1.0" branch-rate="1.0" complexity="0.0">
					<methods>
						<method name="&lt;clinit&gt;" signature="()V" line-rate="1.0" branch-rate="1.0">
							<lines>
								<line number="17" hits="50" branch="false"/>
								<line number="21" hits="10" branch="false"/>
								<line number="25" hits="10" branch="false"/>
								<line number="29" hits="10" branch="false"/>
							</lines>
						</method>
						<method name="&lt;init&gt;" signature="(Ljava/lang/String;I)V" line-rate="1.0" branch-rate="1.0">
							<lines>
							</lines>
						</method>
						<method name="valueOf" signature="(Ljava/lang/String;)Lorg/hyphenType/datastructure/annotations/InputChannel;" line-rate="1.0" branch-rate="1.0">
							<lines>
							</lines>
						</method>
						<method name="values" signature="()[Lorg/hyphenType/datastructure/annotations/InputChannel;" line-rate="1.0" branch-rate="1.0">
							<lines>
							</lines>
						</method>
					</methods>
					<lines>
						<line number="17" hits="50" branch="false"/>
						<line number="21" hits="10" branch="false"/>
						<line number="25" hits="10" branch="false"/>
						<line number="29" hits="10" branch="false"/>
					</lines>
				</class>
				<class name="org.hyphenType.datastructure.annotations.Option" filename="org/hyphenType/datastructure/annotations/Option.java" line-rate="1.0" branch-rate="1.0" complexity="0.0">
					<methods>
					</methods>
					<lines>
					</lines>
				</class>
				<class name="org.hyphenType.datastructure.annotations.OptionArgument" filename="org/hyphenType/datastructure/annotations/OptionArgument.java" line-rate="1.0" branch-rate="1.0" complexity="0.0">
					<methods>
					</methods>
					<lines>
					</lines>
				</class>
				<class name="org.hyphenType.datastructure.annotations.OptionMapValue" filename="org/hyphenType/datastructure/annotations/OptionMapValue.java" line-rate="1.0" branch-rate="1.0" complexity="0.0">
					<methods>
					</methods>
					<lines>
					</lines>
				</class>
				<class name="org.hyphenType.datastructure.annotations.OptionValue" filename="org/hyphenType/datastructure/annotations/OptionValue.java" line-rate="1.0" branch-rate="1.0" complexity="0.0">
					<methods>
					</methods>
					<lines>
					</lines>
				</class>
				<class name="org.hyphenType.datastructure.annotations.SimpleArgument" filename="org/hyphenType/datastructure/annotations/SimpleArgument.java" line-rate="1.0" branch-rate="1.0" complexity="0.0">
					<methods>
					</methods>
					<lines>
					</lines>
				</class>
			</classes>
		</package>
		<package name="org.hyphenType.datastructure.lexer" line-rate="0.7142857142857143" branch-rate="1.0" complexity="1.0">
			<classes>
				<class name="org.hyphenType.datastructure.lexer.LexToken" filename="org/hyphenType/datastructure/lexer/LexToken.java" line-rate="0.7142857142857143" branch-rate="1.0" complexity="1.0">
					<methods>
						<method name="&lt;init&gt;" signature="(Ljava/lang/String;)V" line-rate="1.0" branch-rate="1.0">
							<lines>
								<line number="21" hits="3178" branch="false"/>
								<line number="22" hits="3178" branch="false"/>
								<line number="23" hits="3178" branch="false"/>
							</lines>
						</method>
						<method name="equals" signature="(Ljava/lang/Object;)Z" line-rate="1.0" branch-rate="1.0">
							<lines>
								<line number="32" hits="550" branch="false"/>
								<line number="33" hits="550" branch="false"/>
							</lines>
						</method>
						<method name="hashCode" signature="()I" line-rate="0.0" branch-rate="1.0">
							<lines>
								<line number="38" hits="0" branch="false"/>
							</lines>
						</method>
						<method name="toString" signature="()Ljava/lang/String;" line-rate="0.0" branch-rate="1.0">
							<lines>
								<line number="27" hits="0" branch="false"/>
							</lines>
						</method>
					</methods>
					<lines>
						<line number="21" hits="3178" branch="false"/>
						<line number="22" hits="3178" branch="false"/>
						<line number="23" hits="3178" branch="false"/>
						<line number="27" hits="0" branch="false"/>
						<line number="32" hits="550" branch="false"/>
						<line number="33" hits="550" branch="false"/>
						<line number="38" hits="0" branch="false"/>
					</lines>
				</class>
			</classes>
		</package>
		<package name="org.hyphenType.datastructure.lexer.option" line-rate="1.0" branch-rate="1.0" complexity="1.0">
			<classes>
				<class name="org.hyphenType.datastructure.lexer.option.LexOption" filename="org/hyphenType/datastructure/lexer/option/LexOption.java" line-rate="1.0" branch-rate="1.0" complexity="1.0">
					<methods>
						<method name="&lt;init&gt;" signature="(Ljava/lang/String;)V" line-rate="1.0" branch-rate="1.0">
							<lines>
								<line number="22" hits="1360" branch="false"/>
								<line number="23" hits="1360" branch="false"/>
							</lines>
						</method>
					</methods>
					<lines>
						<line number="22" hits="1360" branch="false"/>
						<line number="23" hits="1360" branch="false"/>
					</lines>
				</class>
				<class name="org.hyphenType.datastructure.lexer.option.LexOptionMapValue" filename="org/hyphenType/datastructure/lexer/option/LexOptionMapValue.java" line-rate="1.0" branch-rate="1.0" complexity="1.0">
					<methods>
						<method name="&lt;init&gt;" signature="(Ljava/lang/String;)V" line-rate="1.0" branch-rate="1.0">
							<lines>
								<line number="22" hits="60" branch="false"/>
								<line number="23" hits="60" branch="false"/>
							</lines>
						</method>
					</methods>
					<lines>
						<line number="22" hits="60" branch="false"/>
						<line number="23" hits="60" branch="false"/>
					</lines>
				</class>
				<class name="org.hyphenType.datastructure.lexer.option.LexOptionValue" filename="org/hyphenType/datastructure/lexer/option/LexOptionValue.java" line-rate="1.0" branch-rate="1.0" complexity="1.0">
					<methods>
						<method name="&lt;init&gt;" signature="(Ljava/lang/String;)V" line-rate="1.0" branch-rate="1.0">
							<lines>
								<line number="22" hits="270" branch="false"/>
								<line number="23" hits="270" branch="false"/>
							</lines>
						</method>
					</methods>
					<lines>
						<line number="22" hits="270" branch="false"/>
						<line number="23" hits="270" branch="false"/>
					</lines>
				</class>
			</classes>
		</package>
		<package name="org.hyphenType.datastructure.lexer.simple" line-rate="1.0" branch-rate="1.0" complexity="1.0">
			<classes>
				<class name="org.hyphenType.datastructure.lexer.simple.LexArgument" filename="org/hyphenType/datastructure/lexer/simple/LexArgument.java" line-rate="1.0" branch-rate="1.0" complexity="1.0">
					<methods>
						<method name="&lt;init&gt;" signature="(Ljava/lang/String;)V" line-rate="1.0" branch-rate="1.0">
							<lines>
								<line number="22" hits="1488" branch="false"/>
								<line number="23" hits="1488" branch="false"/>
							</lines>
						</method>
					</methods>
					<lines>
						<line number="22" hits="1488" branch="false"/>
						<line number="23" hits="1488" branch="false"/>
					</lines>
				</class>
			</classes>
		</package>
		<package name="org.hyphenType.datastructure.parser" line-rate="1.0" branch-rate="1.0" complexity="1.0">
			<classes>
				<class name="org.hyphenType.datastructure.parser.StructureArgument" filename="org/hyphenType/datastructure/parser/StructureArgument.java" line-rate="1.0" branch-rate="1.0" complexity="1.0">
					<methods>
						<method name="&lt;init&gt;" signature="(Ljava/lang/String;Ljava/lang/reflect/Method;ZILjava/lang/String;Ljava/util/List;Ljava/lang/String;)V" line-rate="1.0" branch-rate="1.0">
							<lines>
								<line number="33" hits="1906" branch="false"/>
								<line number="34" hits="1906" branch="false"/>
								<line number="35" hits="1906" branch="false"/>
								<line number="36" hits="1906" branch="false"/>
								<line number="37" hits="1906" branch="false"/>
								<line number="38" hits="1906" branch="false"/>
								<line number="39" hits="1906" branch="false"/>
								<line number="40" hits="1906" branch="false"/>
							</lines>
						</method>
						<method name="compareTo" signature="(Ljava/lang/Object;)I" line-rate="1.0" branch-rate="1.0">
							<lines>
								<line number="23" hits="1790" branch="false"/>
							</lines>
						</method>
						<method name="compareTo" signature="(Lorg/hyphenType/datastructure/parser/StructureArgument;)I" line-rate="1.0" branch-rate="1.0">
							<lines>
								<line number="68" hits="1790" branch="false"/>
							</lines>
						</method>
						<method name="getChannels" signature="()Ljava/util/List;" line-rate="1.0" branch-rate="1.0">
							<lines>
								<line number="59" hits="760" branch="false"/>
							</lines>
						</method>
						<method name="getDescription" signature="()Ljava/lang/String;" line-rate="1.0" branch-rate="1.0">
							<lines>
								<line number="63" hits="160" branch="false"/>
							</lines>
						</method>
						<method name="getIndex" signature="()I" line-rate="1.0" branch-rate="1.0">
							<lines>
								<line number="51" hits="10" branch="false"/>
							</lines>
						</method>
						<method name="getName" signature="()Ljava/lang/String;" line-rate="1.0" branch-rate="1.0">
							<lines>
								<line number="43" hits="1778" branch="false"/>
							</lines>
						</method>
						<method name="getRegex" signature="()Ljava/lang/String;" line-rate="1.0" branch-rate="1.0">
							<lines>
								<line number="55" hits="2666" branch="false"/>
							</lines>
						</method>
						<method name="isMandatory" signature="()Z" line-rate="1.0" branch-rate="1.0">
							<lines>
								<line number="47" hits="2460" branch="false"/>
							</lines>
						</method>
					</methods>
					<lines>
						<line number="23" hits="1790" branch="false"/>
						<line number="33" hits="1906" branch="false"/>
						<line number="34" hits="1906" branch="false"/>
						<line number="35" hits="1906" branch="false"/>
						<line number="36" hits="1906" branch="false"/>
						<line number="37" hits="1906" branch="false"/>
						<line number="38" hits="1906" branch="false"/>
						<line number="39" hits="1906" branch="false"/>
						<line number="40" hits="1906" branch="false"/>
						<line number="43" hits="1778" branch="false"/>
						<line number="47" hits="2460" branch="false"/>
						<line number="51" hits="10" branch="false"/>
						<line number="55" hits="2666" branch="false"/>
						<line number="59" hits="760" branch="false"/>
						<line number="63" hits="160" branch="false"/>
						<line number="68" hits="1790" branch="false"/>
					</lines>
				</class>
				<class name="org.hyphenType.datastructure.parser.StructureElement" filename="org/hyphenType/datastructure/parser/StructureElement.java" line-rate="1.0" branch-rate="1.0" complexity="1.0">
					<methods>
						<method name="&lt;init&gt;" signature="(Ljava/lang/reflect/Method;)V" line-rate="1.0" branch-rate="1.0">
							<lines>
								<line number="23" hits="4072" branch="false"/>
								<line number="24" hits="4072" branch="false"/>
								<line number="25" hits="4072" branch="false"/>
							</lines>
						</method>
					</methods>
					<lines>
						<line number="23" hits="4072" branch="false"/>
						<line number="24" hits="4072" branch="false"/>
						<line number="25" hits="4072" branch="false"/>
					</lines>
				</class>
			</classes>
		</package>
		<package name="org.hyphenType.datastructure.parser.option" line-rate="0.8275862068965517" branch-rate="0.0" complexity="1.25">
			<classes>
				<class name="org.hyphenType.datastructure.parser.option.StructureOption" filename="org/hyphenType/datastructure/parser/option/StructureOption.java" line-rate="0.6666666666666666" branch-rate="0.0" complexity="1.4">
					<methods>
						<method name="&lt;init&gt;" signature="(Ljava/lang/reflect/Method;Ljava/lang/String;Ljava/util/List;Lorg/hyphenType/datastructure/parser/option/StructureOptionValue;Lorg/hyphenType/datastructure/parser/option/StructureOptionMapValue;Ljava/util/List;)V" line-rate="1.0" branch-rate="1.0">
							<lines>
								<line number="32" hits="1666" branch="false"/>
								<line number="33" hits="1666" branch="false"/>
								<line number="34" hits="1666" branch="false"/>
								<line number="35" hits="1666" branch="false"/>
								<line number="36" hits="1666" branch="false"/>
								<line number="37" hits="1666" branch="false"/>
								<line number="38" hits="1666" branch="false"/>
							</lines>
						</method>
						<method name="compareTo" signature="(Ljava/lang/Object;)I" line-rate="1.0" branch-rate="1.0">
							<lines>
								<line number="23" hits="1368" branch="false"/>
							</lines>
						</method>
						<method name="compareTo" signature="(Lorg/hyphenType/datastructure/parser/option/StructureOption;)I" line-rate="1.0" branch-rate="1.0">
							<lines>
								<line number="60" hits="1368" branch="false"/>
							</lines>
						</method>
						<method name="equals" signature="(Ljava/lang/Object;)Z" line-rate="0.0" branch-rate="0.0">
							<lines>
								<line number="47" hits="0" branch="true" condition-coverage="0% (0/2)">
									<conditions>
										<condition number="0" type="jump" coverage="0%"/>
									</conditions>
								</line>
								<line number="48" hits="0" branch="false"/>
								<line number="49" hits="0" branch="false"/>
								<line number="50" hits="0" branch="false"/>
							</lines>
						</method>
						<method name="hashCode" signature="()I" line-rate="0.0" branch-rate="1.0">
							<lines>
								<line number="55" hits="0" branch="false"/>
							</lines>
						</method>
						<method name="toString" signature="()Ljava/lang/String;" line-rate="1.0" branch-rate="1.0">
							<lines>
								<line number="42" hits="2736" branch="false"/>
							</lines>
						</method>
					</methods>
					<lines>
						<line number="23" hits="1368" branch="false"/>
						<line number="32" hits="1666" branch="false"/>
						<line number="33" hits="1666" branch="false"/>
						<line number="34" hits="1666" branch="false"/>
						<line number="35" hits="1666" branch="false"/>
						<line number="36" hits="1666" branch="false"/>
						<line number="37" hits="1666" branch="false"/>
						<line number="38" hits="1666" branch="false"/>
						<line number="42" hits="2736" branch="false"/>
						<line number="47" hits="0" branch="true" condition-coverage="0% (0/2)">
							<conditions>
								<condition number="0" type="jump" coverage="0%"/>
							</conditions>
						</line>
						<line number="48" hits="0" branch="false"/>
						<line number="49" hits="0" branch="false"/>
						<line number="50" hits="0" branch="false"/>
						<line number="55" hits="0" branch="false"/>
						<line number="60" hits="1368" branch="false"/>
					</lines>
				</class>
				<class name="org.hyphenType.datastructure.parser.option.StructureOptionArgument" filename="org/hyphenType/datastructure/parser/option/StructureOptionArgument.java" line-rate="1.0" branch-rate="1.0" complexity="1.0">
					<methods>
						<method name="&lt;init&gt;" signature="(Ljava/lang/String;Ljava/lang/reflect/Method;ZILjava/lang/String;Ljava/util/List;Ljava/lang/String;)V" line-rate="1.0" branch-rate="1.0">
							<lines>
								<line number="26" hits="476" branch="false"/>
								<line number="27" hits="476" branch="false"/>
							</lines>
						</method>
					</methods>
					<lines>
						<line number="26" hits="476" branch="false"/>
						<line number="27" hits="476" branch="false"/>
					</lines>
				</class>
				<class name="org.hyphenType.datastructure.parser.option.StructureOptionMapValue" filename="org/hyphenType/datastructure/parser/option/StructureOptionMapValue.java" line-rate="1.0" branch-rate="1.0" complexity="1.0">
					<methods>
						<method name="&lt;init&gt;" signature="(Ljava/lang/reflect/Method;Ljava/lang/String;Ljava/lang/String;Ljava/lang/Class;Z)V" line-rate="1.0" branch-rate="1.0">
							<lines>
								<line number="30" hits="150" branch="false"/>
								<line number="31" hits="150" branch="false"/>
								<line number="32" hits="150" branch="false"/>
								<line number="33" hits="150" branch="false"/>
								<line number="34" hits="150" branch="false"/>
								<line number="35" hits="150" branch="false"/>
							</lines>
						</method>
					</methods>
					<lines>
						<line number="30" hits="150" branch="false"/>
						<line number="31" hits="150" branch="false"/>
						<line number="32" hits="150" branch="false"/>
						<line number="33" hits="150" branch="false"/>
						<line number="34" hits="150" branch="false"/>
						<line number="35" hits="150" branch="false"/>
					</lines>
				</class>
				<class name="org.hyphenType.datastructure.parser.option.StructureOptionValue" filename="org/hyphenType/datastructure/parser/option/StructureOptionValue.java" line-rate="1.0" branch-rate="1.0" complexity="1.0">
					<methods>
						<method name="&lt;init&gt;" signature="(Ljava/lang/reflect/Method;Ljava/lang/String;ZLjava/lang/String;Z)V" line-rate="1.0" branch-rate="1.0">
							<lines>
								<line number="29" hits="350" branch="false"/>
								<line number="30" hits="350" branch="false"/>
								<line number="31" hits="350" branch="false"/>
								<line number="32" hits="350" branch="false"/>
								<line number="33" hits="350" branch="false"/>
								<line number="34" hits="350" branch="false"/>
							</lines>
						</method>
					</methods>
					<lines>
						<line number="29" hits="350" branch="false"/>
						<line number="30" hits="350" branch="false"/>
						<line number="31" hits="350" branch="false"/>
						<line number="32" hits="350" branch="false"/>
						<line number="33" hits="350" branch="false"/>
						<line number="34" hits="350" branch="false"/>
					</lines>
				</class>
			</classes>
		</package>
		<package name="org.hyphenType.datastructure.parser.simple" line-rate="0.25" branch-rate="0.0" complexity="1.5">
			<classes>
				<class name="org.hyphenType.datastructure.parser.simple.StructureSimpleArgument" filename="org/hyphenType/datastructure/parser/simple/StructureSimpleArgument.java" line-rate="0.25" branch-rate="0.0" complexity="1.5">
					<methods>
						<method name="&lt;init&gt;" signature="(Ljava/lang/reflect/Method;Ljava/lang/String;ZILjava/lang/String;Ljava/util/List;Ljava/lang/String;)V" line-rate="1.0" branch-rate="1.0">
							<lines>
								<line number="26" hits="1430" branch="false"/>
								<line number="27" hits="1430" branch="false"/>
							</lines>
						</method>
						<method name="equals" signature="(Ljava/lang/Object;)Z" line-rate="0.0" branch-rate="0.0">
							<lines>
								<line number="36" hits="0" branch="true" condition-coverage="0% (0/2)">
									<conditions>
										<condition number="0" type="jump" coverage="0%"/>
									</conditions>
								</line>
								<line number="37" hits="0" branch="false"/>
								<line number="38" hits="0" branch="false"/>
								<line number="39" hits="0" branch="false"/>
							</lines>
						</method>
						<method name="hashCode" signature="()I" line-rate="0.0" branch-rate="1.0">
							<lines>
								<line number="44" hits="0" branch="false"/>
							</lines>
						</method>
						<method name="toString" signature="()Ljava/lang/String;" line-rate="0.0" branch-rate="1.0">
							<lines>
								<line number="31" hits="0" branch="false"/>
							</lines>
						</method>
					</methods>
					<lines>
						<line number="26" hits="1430" branch="false"/>
						<line number="27" hits="1430" branch="false"/>
						<line number="31" hits="0" branch="false"/>
						<line number="36" hits="0" branch="true" condition-coverage="0% (0/2)">
							<conditions>
								<condition number="0" type="jump" coverage="0%"/>
							</conditions>
						</line>
						<line number="37" hits="0" branch="false"/>
						<line number="38" hits="0" branch="false"/>
						<line number="39" hits="0" branch="false"/>
						<line number="44" hits="0" branch="false"/>
					</lines>
				</class>
			</classes>
		</package>
		<package name="org.hyphenType.debug" line-rate="0.64" branch-rate="0.5" complexity="1.8333333333333333">
			<classes>
				<class name="org.hyphenType.debug.HTLogger" filename="org/hyphenType/debug/HTLogger.java" line-rate="0.64" branch-rate="0.5" complexity="1.8333333333333333">
					<methods>
						<method name="&lt;clinit&gt;" signature="()V" line-rate="1.0" branch-rate="1.0">
							<lines>
								<line number="23" hits="10" branch="false"/>
								<line number="28" hits="10" branch="false"/>
								<line number="33" hits="10" branch="false"/>
							</lines>
						</method>
						<method name="&lt;init&gt;" signature="()V" line-rate="0.0" branch-rate="1.0">
							<lines>
								<line number="13" hits="0" branch="false"/>
							</lines>
						</method>
						<method name="debugMode" signature="()Z" line-rate="1.0" branch-rate="1.0">
							<lines>
								<line number="102" hits="1858" branch="false"/>
							</lines>
						</method>
						<method name="lazyInitialize" signature="()V" line-rate="1.0" branch-rate="0.75">
							<lines>
								<line number="40" hits="3296" branch="true" condition-coverage="100% (2/2)">
									<conditions>
										<condition number="0" type="jump" coverage="100%"/>
									</conditions>
								</line>
								<line number="41" hits="10" branch="false"/>
								<line number="46" hits="10" branch="true" condition-coverage="50% (1/2)">
									<conditions>
										<condition number="0" type="jump" coverage="50%"/>
									</conditions>
								</line>
								<line number="47" hits="10" branch="false"/>
								<line number="49" hits="10" branch="false"/>
								<line number="51" hits="3296" branch="false"/>
							</lines>
						</method>
						<method name="log" signature="(Ljava/lang/String;)V" line-rate="0.6" branch-rate="0.5">
							<lines>
								<line number="59" hits="1858" branch="false"/>
								<line number="61" hits="1858" branch="true" condition-coverage="50% (1/2)">
									<conditions>
										<condition number="0" type="jump" coverage="50%"/>
									</conditions>
								</line>
								<line number="62" hits="0" branch="false"/>
								<line number="63" hits="0" branch="false"/>
								<line number="65" hits="1858" branch="false"/>
							</lines>
						</method>
						<method name="log" signature="(Ljava/lang/Throwable;)V" line-rate="0.75" branch-rate="0.5">
							<lines>
								<line number="73" hits="1438" branch="false"/>
								<line number="74" hits="1438" branch="true" condition-coverage="50% (1/2)">
									<conditions>
										<condition number="0" type="jump" coverage="50%"/>
									</conditions>
								</line>
								<line number="75" hits="0" branch="false"/>
								<line number="77" hits="1438" branch="false"/>
							</lines>
						</method>
						<method name="setDebugMode" signature="(Z)V" line-rate="0.0" branch-rate="1.0">
							<lines>
								<line number="98" hits="0" branch="false"/>
								<line number="99" hits="0" branch="false"/>
							</lines>
						</method>
						<method name="setOutput" signature="(Ljava/io/PrintStream;)V" line-rate="0.0" branch-rate="0.0">
							<lines>
								<line number="87" hits="0" branch="true" condition-coverage="0% (0/2)">
									<conditions>
										<condition number="0" type="jump" coverage="0%"/>
									</conditions>
								</line>
								<line number="88" hits="0" branch="false"/>
								<line number="90" hits="0" branch="false"/>
							</lines>
						</method>
					</methods>
					<lines>
						<line number="13" hits="0" branch="false"/>
						<line number="23" hits="10" branch="false"/>
						<line number="28" hits="10" branch="false"/>
						<line number="33" hits="10" branch="false"/>
						<line number="40" hits="3296" branch="true" condition-coverage="100% (2/2)">
							<conditions>
								<condition number="0" type="jump" coverage="100%"/>
							</conditions>
						</line>
						<line number="41" hits="10" branch="false"/>
						<line number="46" hits="10" branch="true" condition-coverage="50% (1/2)">
							<conditions>
								<condition number="0" type="jump" coverage="50%"/>
							</conditions>
						</line>
						<line number="47" hits="10" branch="false"/>
						<line number="49" hits="10" branch="false"/>
						<line number="51" hits="3296" branch="false"/>
						<line number="59" hits="1858" branch="false"/>
						<line number="61" hits="1858" branch="true" condition-coverage="50% (1/2)">
							<conditions>
								<condition number="0" type="jump" coverage="50%"/>
							</conditions>
						</line>
						<line number="62" hits="0" branch="false"/>
						<line number="63" hits="0" branch="false"/>
						<line number="65" hits="1858" branch="false"/>
						<line number="73" hits="1438" branch="false"/>
						<line number="74" hits="1438" branch="true" condition-coverage="50% (1/2)">
							<conditions>
								<condition number="0" type="jump" coverage="50%"/>
							</conditions>
						</line>
						<line number="75" hits="0" branch="false"/>
						<line number="77" hits="1438" branch="false"/>
						<line number="87" hits="0" branch="true" condition-coverage="0% (0/2)">
							<conditions>
								<condition number="0" type="jump" coverage="0%"/>
							</conditions>
						</line>
						<line number="88" hits="0" branch="false"/>
						<line number="90" hits="0" branch="false"/>
						<line number="98" hits="0" branch="false"/>
						<line number="99" hits="0" branch="false"/>
						<line number="102" hits="1858" branch="false"/>
					</lines>
				</class>
			</classes>
		</package>
		<package name="org.hyphenType.documentation" line-rate="0.7727272727272727" branch-rate="0.8928571428571429" complexity="2.75">
			<classes>
				<class name="org.hyphenType.documentation.Description" filename="org/hyphenType/documentation/Description.java" line-rate="1.0" branch-rate="1.0" complexity="0.0">
					<methods>
					</methods>
					<lines>
					</lines>
				</class>
				<class name="org.hyphenType.documentation.DocumentationFormatterEngine" filename="org/hyphenType/documentation/DocumentationFormatterEngine.java" line-rate="0.7183098591549296" branch-rate="0.85" complexity="2.7142857142857144">
					<methods>
						<method name="&lt;init&gt;" signature="()V" line-rate="1.0" branch-rate="1.0">
							<lines>
								<line number="57" hits="260" branch="false"/>
								<line number="58" hits="260" branch="false"/>
							</lines>
						</method>
						<method name="buildFormatter" signature="(Ljava/lang/Class;Ljava/lang/Class;)Lorg/hyphenType/documentation/DocumentationFormatterEngine;" line-rate="0.4722222222222222" branch-rate="0.8">
							<lines>
								<line number="251" hits="140" branch="false"/>
								<line number="255" hits="140" branch="false"/>
								<line number="256" hits="140" branch="false"/>
								<line number="258" hits="1500" branch="true" condition-coverage="100% (2/2)">
									<conditions>
										<condition number="0" type="jump" coverage="100%"/>
									</conditions>
								</line>
								<line number="259" hits="1360" branch="true" condition-coverage="100% (2/2)">
									<conditions>
										<condition number="0" type="jump" coverage="100%"/>
									</conditions>
								</line>
								<line number="261" hits="800" branch="true" condition-coverage="100% (2/2)">
									<conditions>
										<condition number="0" type="jump" coverage="100%"/>
									</conditions>
								</line>
								<line number="263" hits="280" branch="false"/>
								<line number="264" hits="0" branch="false"/>
								<line number="266" hits="0" branch="false"/>
								<line number="267" hits="280" branch="false"/>
								<line number="269" hits="520" branch="true" condition-coverage="50% (1/2)">
									<conditions>
										<condition number="0" type="jump" coverage="50%"/>
									</conditions>
								</line>
								<line number="270" hits="520" branch="false"/>
								<line number="274" hits="560" branch="true" condition-coverage="50% (1/2)">
									<conditions>
										<condition number="0" type="jump" coverage="50%"/>
									</conditions>
								</line>
								<line number="275" hits="0" branch="false"/>
								<line number="280" hits="140" branch="false"/>
								<line number="281" hits="140" branch="false"/>
								<line number="282" hits="140" branch="false"/>
								<line number="283" hits="140" branch="false"/>
								<line number="284" hits="140" branch="false"/>
								<line number="285" hits="140" branch="false"/>
								<line number="287" hits="0" branch="false"/>
								<line number="289" hits="0" branch="false"/>
								<line number="290" hits="0" branch="false"/>
								<line number="292" hits="0" branch="false"/>
								<line number="293" hits="0" branch="false"/>
								<line number="295" hits="0" branch="false"/>
								<line number="296" hits="0" branch="false"/>
								<line number="298" hits="0" branch="false"/>
								<line number="299" hits="0" branch="false"/>
								<line number="301" hits="0" branch="false"/>
								<line number="302" hits="0" branch="false"/>
								<line number="304" hits="0" branch="false"/>
								<line number="305" hits="0" branch="false"/>
								<line number="307" hits="0" branch="false"/>
								<line number="308" hits="0" branch="false"/>
								<line number="309" hits="0" branch="false"/>
							</lines>
						</method>
						<method name="getAnnotation" signature="()Ljava/lang/annotation/Annotation;" line-rate="0.0" branch-rate="1.0">
							<lines>
								<line number="89" hits="0" branch="false"/>
							</lines>
						</method>
						<method name="getMessage" signature="(Ljava/lang/String;Ljava/lang/String;)Ljava/lang/String;" line-rate="1.0" branch-rate="1.0">
							<lines>
								<line number="101" hits="60" branch="false"/>
								<line number="102" hits="20" branch="false"/>
								<line number="103" hits="20" branch="false"/>
							</lines>
						</method>
						<method name="getOptionsInterfaceValue" signature="(Ljava/lang/String;)Ljava/lang/String;" line-rate="1.0" branch-rate="1.0">
							<lines>
								<line number="172" hits="430" branch="true" condition-coverage="100% (2/2)">
									<conditions>
										<condition number="0" type="jump" coverage="100%"/>
									</conditions>
								</line>
								<line number="173" hits="70" branch="false"/>
								<line number="175" hits="360" branch="false"/>
								<line number="178" hits="430" branch="true" condition-coverage="100% (2/2)">
									<conditions>
										<condition number="0" type="jump" coverage="100%"/>
									</conditions>
								</line>
								<line number="179" hits="200" branch="false"/>
								<line number="181" hits="230" branch="false"/>
							</lines>
						</method>
						<method name="getOptionsInterfaceValue" signature="(Ljava/lang/String;Ljava/lang/String;)Ljava/lang/String;" line-rate="1.0" branch-rate="1.0">
							<lines>
								<line number="154" hits="430" branch="false"/>
								<line number="155" hits="430" branch="true" condition-coverage="100% (2/2)">
									<conditions>
										<condition number="0" type="jump" coverage="100%"/>
									</conditions>
								</line>
								<line number="156" hits="230" branch="false"/>
								<line number="158" hits="200" branch="false"/>
							</lines>
						</method>
						<method name="getStatusCodeUserDescription" signature="(Ljava/lang/Enum;)Ljava/lang/String;" line-rate="1.0" branch-rate="0.75">
							<lines>
								<line number="194" hits="90" branch="false"/>
								<line number="195" hits="90" branch="false"/>
								<line number="197" hits="90" branch="true" condition-coverage="75% (3/4)">
									<conditions>
										<condition number="0" type="jump" coverage="100%"/>
										<condition number="1" type="jump" coverage="50%"/>
									</conditions>
								</line>
								<line number="198" hits="30" branch="false"/>
								<line number="200" hits="60" branch="false"/>
							</lines>
						</method>
						<method name="preferredFormatter" signature="(Ljava/lang/Class;)Lorg/hyphenType/documentation/DocumentationFormatterEngine;" line-rate="1.0" branch-rate="1.0">
							<lines>
								<line number="228" hits="110" branch="false"/>
								<line number="229" hits="110" branch="false"/>
								<line number="230" hits="110" branch="false"/>
							</lines>
						</method>
						<method name="printDocumentation" signature="()V" line-rate="1.0" branch-rate="1.0">
							<lines>
								<line number="111" hits="60" branch="false"/>
								<line number="112" hits="60" branch="false"/>
							</lines>
						</method>
						<method name="printDocumentation" signature="(Ljava/io/PrintStream;)V" line-rate="1.0" branch-rate="1.0">
							<lines>
								<line number="128" hits="40" branch="false"/>
								<line number="129" hits="40" branch="false"/>
								<line number="130" hits="40" branch="false"/>
							</lines>
						</method>
						<method name="setAnnotation" signature="(Ljava/lang/annotation/Annotation;)V" line-rate="1.0" branch-rate="1.0">
							<lines>
								<line number="73" hits="140" branch="false"/>
								<line number="75" hits="140" branch="false"/>
							</lines>
						</method>
						<method name="setLexerParser" signature="(Lorg/hyphenType/lexerparser/LexerParser;)V" line-rate="1.0" branch-rate="1.0">
							<lines>
								<line number="65" hits="140" branch="false"/>
								<line number="66" hits="140" branch="false"/>
							</lines>
						</method>
						<method name="setResourceBundle" signature="(Ljava/util/ResourceBundle;)V" line-rate="1.0" branch-rate="1.0">
							<lines>
								<line number="82" hits="140" branch="false"/>
								<line number="83" hits="140" branch="false"/>
							</lines>
						</method>
					</methods>
					<lines>
						<line number="57" hits="260" branch="false"/>
						<line number="58" hits="260" branch="false"/>
						<line number="65" hits="140" branch="false"/>
						<line number="66" hits="140" branch="false"/>
						<line number="73" hits="140" branch="false"/>
						<line number="75" hits="140" branch="false"/>
						<line number="82" hits="140" branch="false"/>
						<line number="83" hits="140" branch="false"/>
						<line number="89" hits="0" branch="false"/>
						<line number="101" hits="60" branch="false"/>
						<line number="102" hits="20" branch="false"/>
						<line number="103" hits="20" branch="false"/>
						<line number="111" hits="60" branch="false"/>
						<line number="112" hits="60" branch="false"/>
						<line number="128" hits="40" branch="false"/>
						<line number="129" hits="40" branch="false"/>
						<line number="130" hits="40" branch="false"/>
						<line number="154" hits="430" branch="false"/>
						<line number="155" hits="430" branch="true" condition-coverage="100% (2/2)">
							<conditions>
								<condition number="0" type="jump" coverage="100%"/>
							</conditions>
						</line>
						<line number="156" hits="230" branch="false"/>
						<line number="158" hits="200" branch="false"/>
						<line number="172" hits="430" branch="true" condition-coverage="100% (2/2)">
							<conditions>
								<condition number="0" type="jump" coverage="100%"/>
							</conditions>
						</line>
						<line number="173" hits="70" branch="false"/>
						<line number="175" hits="360" branch="false"/>
						<line number="178" hits="430" branch="true" condition-coverage="100% (2/2)">
							<conditions>
								<condition number="0" type="jump" coverage="100%"/>
							</conditions>
						</line>
						<line number="179" hits="200" branch="false"/>
						<line number="181" hits="230" branch="false"/>
						<line number="194" hits="90" branch="false"/>
						<line number="195" hits="90" branch="false"/>
						<line number="197" hits="90" branch="true" condition-coverage="75% (3/4)">
							<conditions>
								<condition number="0" type="jump" coverage="100%"/>
								<condition number="1" type="jump" coverage="50%"/>
							</conditions>
						</line>
						<line number="198" hits="30" branch="false"/>
						<line number="200" hits="60" branch="false"/>
						<line number="228" hits="110" branch="false"/>
						<line number="229" hits="110" branch="false"/>
						<line number="230" hits="110" branch="false"/>
						<line number="251" hits="140" branch="false"/>
						<line number="255" hits="140" branch="false"/>
						<line number="256" hits="140" branch="false"/>
						<line number="258" hits="1500" branch="true" condition-coverage="100% (2/2)">
							<conditions>
								<condition number="0" type="jump" coverage="100%"/>
							</conditions>
						</line>
						<line number="259" hits="1360" branch="true" condition-coverage="100% (2/2)">
							<conditions>
								<condition number="0" type="jump" coverage="100%"/>
							</conditions>
						</line>
						<line number="261" hits="800" branch="true" condition-coverage="100% (2/2)">
							<conditions>
								<condition number="0" type="jump" coverage="100%"/>
							</conditions>
						</line>
						<line number="263" hits="280" branch="false"/>
						<line number="264" hits="0" branch="false"/>
						<line number="266" hits="0" branch="false"/>
						<line number="267" hits="280" branch="false"/>
						<line number="269" hits="520" branch="true" condition-coverage="50% (1/2)">
							<conditions>
								<condition number="0" type="jump" coverage="50%"/>
							</conditions>
						</line>
						<line number="270" hits="520" branch="false"/>
						<line number="274" hits="560" branch="true" condition-coverage="50% (1/2)">
							<conditions>
								<condition number="0" type="jump" coverage="50%"/>
							</conditions>
						</line>
						<line number="275" hits="0" branch="false"/>
						<line number="280" hits="140" branch="false"/>
						<line number="281" hits="140" branch="false"/>
						<line number="282" hits="140" branch="false"/>
						<line number="283" hits="140" branch="false"/>
						<line number="284" hits="140" branch="false"/>
						<line number="285" hits="140" branch="false"/>
						<line number="287" hits="0" branch="false"/>
						<line number="289" hits="0" branch="false"/>
						<line number="290" hits="0" branch="false"/>
						<line number="292" hits="0" branch="false"/>
						<line number="293" hits="0" branch="false"/>
						<line number="295" hits="0" branch="false"/>
						<line number="296" hits="0" branch="false"/>
						<line number="298" hits="0" branch="false"/>
						<line number="299" hits="0" branch="false"/>
						<line number="301" hits="0" branch="false"/>
						<line number="302" hits="0" branch="false"/>
						<line number="304" hits="0" branch="false"/>
						<line number="305" hits="0" branch="false"/>
						<line number="307" hits="0" branch="false"/>
						<line number="308" hits="0" branch="false"/>
						<line number="309" hits="0" branch="false"/>
					</lines>
				</class>
				<class name="org.hyphenType.documentation.OptionListResourceBundle" filename="org/hyphenType/documentation/OptionListResourceBundle.java" line-rate="1.0" branch-rate="1.0" complexity="3.0">
					<methods>
						<method name="&lt;clinit&gt;" signature="()V" line-rate="1.0" branch-rate="1.0">
							<lines>
								<line number="26" hits="10" branch="false"/>
							</lines>
						</method>
						<method name="&lt;init&gt;" signature="(Ljava/lang/Class;)V" line-rate="1.0" branch-rate="1.0">
							<lines>
								<line number="31" hits="1438" branch="false"/>
								<line number="33" hits="1438" branch="false"/>
								<line number="34" hits="1438" branch="false"/>
								<line number="36" hits="25404" branch="true" condition-coverage="100% (2/2)">
									<conditions>
										<condition number="0" type="jump" coverage="100%"/>
									</conditions>
								</line>
								<line number="37" hits="23966" branch="true" condition-coverage="100% (2/2)">
									<conditions>
										<condition number="0" type="jump" coverage="100%"/>
									</conditions>
								</line>
								<line number="38" hits="2106" branch="false"/>
								<line number="39" hits="2106" branch="false"/>
								<line number="40" hits="21860" branch="true" condition-coverage="100% (2/2)">
									<conditions>
										<condition number="0" type="jump" coverage="100%"/>
									</conditions>
								</line>
								<line number="41" hits="2010" branch="false"/>
								<line number="42" hits="2010" branch="false"/>
								<line number="46" hits="1438" branch="false"/>
								<line number="47" hits="5554" branch="true" condition-coverage="100% (2/2)">
									<conditions>
										<condition number="0" type="jump" coverage="100%"/>
									</conditions>
								</line>
								<line number="48" hits="4116" branch="false"/>
								<line number="49" hits="4116" branch="false"/>
								<line number="51" hits="1438" branch="false"/>
							</lines>
						</method>
						<method name="getContents" signature="()[[Ljava/lang/Object;" line-rate="1.0" branch-rate="1.0">
							<lines>
								<line number="55" hits="1438" branch="false"/>
							</lines>
						</method>
					</methods>
					<lines>
						<line number="26" hits="10" branch="false"/>
						<line number="31" hits="1438" branch="false"/>
						<line number="33" hits="1438" branch="false"/>
						<line number="34" hits="1438" branch="false"/>
						<line number="36" hits="25404" branch="true" condition-coverage="100% (2/2)">
							<conditions>
								<condition number="0" type="jump" coverage="100%"/>
							</conditions>
						</line>
						<line number="37" hits="23966" branch="true" condition-coverage="100% (2/2)">
							<conditions>
								<condition number="0" type="jump" coverage="100%"/>
							</conditions>
						</line>
						<line number="38" hits="2106" branch="false"/>
						<line number="39" hits="2106" branch="false"/>
						<line number="40" hits="21860" branch="true" condition-coverage="100% (2/2)">
							<conditions>
								<condition number="0" type="jump" coverage="100%"/>
							</conditions>
						</line>
						<line number="41" hits="2010" branch="false"/>
						<line number="42" hits="2010" branch="false"/>
						<line number="46" hits="1438" branch="false"/>
						<line number="47" hits="5554" branch="true" condition-coverage="100% (2/2)">
							<conditions>
								<condition number="0" type="jump" coverage="100%"/>
							</conditions>
						</line>
						<line number="48" hits="4116" branch="false"/>
						<line number="49" hits="4116" branch="false"/>
						<line number="51" hits="1438" branch="false"/>
						<line number="55" hits="1438" branch="false"/>
					</lines>
				</class>
			</classes>
		</package>
		<package name="org.hyphenType.documentation.lib" line-rate="0.8387096774193549" branch-rate="0.860655737704918" complexity="16.75">
			<classes>
				<class name="org.hyphenType.documentation.lib.HTMLFormatterEngine" filename="org/hyphenType/documentation/lib/HTMLFormatterEngine.java" line-rate="0.753731343283582" branch-rate="0.7727272727272727" complexity="24.0">
					<methods>
						<method name="&lt;init&gt;" signature="()V" line-rate="1.0" branch-rate="1.0">
							<lines>
								<line number="42" hits="10" branch="false"/>
							</lines>
						</method>
						<method name="printDocumentation" signature="(Ljava/io/PrintStream;Lorg/hyphenType/lexerparser/LexerParser;Ljava/lang/annotation/Annotation;)V" line-rate="1.0" branch-rate="1.0">
							<lines>
								<line number="37" hits="20" branch="false"/>
							</lines>
						</method>
						<method name="printDocumentation" signature="(Ljava/io/PrintStream;Lorg/hyphenType/lexerparser/LexerParser;Lorg/hyphenType/documentation/lib/HTMLFormatterEngine$HTMLFormatter;)V" line-rate="0.75" branch-rate="0.7727272727272727">
							<lines>
								<line number="102" hits="10" branch="true" condition-coverage="50% (1/2)">
									<conditions>
										<condition number="0" type="jump" coverage="50%"/>
									</conditions>
								</line>
								<line number="103" hits="10" branch="false"/>
								<line number="104" hits="10" branch="false"/>
								<line number="105" hits="10" branch="false"/>
								<line number="106" hits="10" branch="false"/>
								<line number="107" hits="10" branch="false"/>
								<line number="108" hits="10" branch="false"/>
								<line number="109" hits="10" branch="false"/>
								<line number="110" hits="10" branch="false"/>
								<line number="111" hits="10" branch="false"/>
								<line number="112" hits="10" branch="false"/>
								<line number="113" hits="10" branch="false"/>
								<line number="114" hits="10" branch="false"/>
								<line number="115" hits="10" branch="false"/>
								<line number="116" hits="10" branch="false"/>
								<line number="117" hits="10" branch="false"/>
								<line number="118" hits="10" branch="false"/>
								<line number="119" hits="10" branch="false"/>
								<line number="122" hits="10" branch="false"/>
								<line number="124" hits="10" branch="false"/>
								<line number="126" hits="10" branch="true" condition-coverage="100% (2/2)">
									<conditions>
										<condition number="0" type="jump" coverage="100%"/>
									</conditions>
								</line>
								<line number="127" hits="30" branch="true" condition-coverage="100% (2/2)">
									<conditions>
										<condition number="0" type="jump" coverage="100%"/>
									</conditions>
								</line>
								<line number="128" hits="10" branch="false"/>
								<line number="130" hits="30" branch="false"/>
								<line number="131" hits="30" branch="true" condition-coverage="100% (2/2)">
									<conditions>
										<condition number="0" type="jump" coverage="100%"/>
									</conditions>
								</line>
								<line number="132" hits="10" branch="false"/>
								<line number="134" hits="30" branch="true" condition-coverage="100% (2/2)">
									<conditions>
										<condition number="0" type="jump" coverage="100%"/>
									</conditions>
								</line>
								<line number="135" hits="10" branch="false"/>
								<line number="137" hits="30" branch="false"/>
								<line number="140" hits="10" branch="false"/>
								<line number="141" hits="10" branch="false"/>
								<line number="142" hits="10" branch="false"/>
								<line number="143" hits="10" branch="false"/>
								<line number="144" hits="10" branch="false"/>
								<line number="145" hits="10" branch="false"/>
								<line number="146" hits="10" branch="false"/>
								<line number="147" hits="10" branch="false"/>
								<line number="148" hits="10" branch="false"/>
								<line number="149" hits="10" branch="false"/>
								<line number="150" hits="10" branch="false"/>
								<line number="151" hits="10" branch="false"/>
								<line number="152" hits="10" branch="false"/>
								<line number="153" hits="10" branch="false"/>
								<line number="154" hits="10" branch="false"/>
								<line number="155" hits="10" branch="false"/>
								<line number="156" hits="10" branch="false"/>
								<line number="157" hits="10" branch="false"/>
								<line number="159" hits="10" branch="false"/>
								<line number="161" hits="10" branch="true" condition-coverage="100% (2/2)">
									<conditions>
										<condition number="0" type="jump" coverage="100%"/>
									</conditions>
								</line>
								<line number="163" hits="60" branch="false"/>
								<line number="165" hits="60" branch="false"/>
								<line number="166" hits="60" branch="false"/>
								<line number="168" hits="60" branch="false"/>
								<line number="169" hits="60" branch="true" condition-coverage="100% (2/2)">
									<conditions>
										<condition number="0" type="jump" coverage="100%"/>
									</conditions>
								</line>
								<line number="170" hits="80" branch="true" condition-coverage="100% (2/2)">
									<conditions>
										<condition number="0" type="jump" coverage="100%"/>
									</conditions>
								</line>
								<line number="171" hits="20" branch="false"/>
								<line number="173" hits="80" branch="true" condition-coverage="75% (3/4)">
									<conditions>
										<condition number="0" type="jump" coverage="50%"/>
										<condition number="1" type="jump" coverage="100%"/>
									</conditions>
								</line>
								<line number="174" hits="10" branch="false"/>
								<line number="176" hits="70" branch="false"/>
								<line number="178" hits="80" branch="false"/>
								<line number="179" hits="80" branch="true" condition-coverage="100% (2/2)">
									<conditions>
										<condition number="0" type="jump" coverage="100%"/>
									</conditions>
								</line>
								<line number="180" hits="10" branch="true" condition-coverage="50% (1/2)">
									<conditions>
										<condition number="0" type="jump" coverage="50%"/>
									</conditions>
								</line>
								<line number="181" hits="0" branch="false"/>
								<line number="183" hits="10" branch="false"/>
								<line number="184" hits="10" branch="true" condition-coverage="50% (1/2)">
									<conditions>
										<condition number="0" type="jump" coverage="50%"/>
									</conditions>
								</line>
								<line number="185" hits="0" branch="false"/>
								<line number="190" hits="60" branch="true" condition-coverage="100% (2/2)">
									<conditions>
										<condition number="0" type="jump" coverage="100%"/>
									</conditions>
								</line>
								<line number="191" hits="30" branch="false"/>
								<line number="192" hits="30" branch="true" condition-coverage="100% (2/2)">
									<conditions>
										<condition number="0" type="jump" coverage="100%"/>
									</conditions>
								</line>
								<line number="193" hits="10" branch="false"/>
								<line number="195" hits="20" branch="false"/>
								<line number="197" hits="30" branch="false"/>
								<line number="198" hits="30" branch="true" condition-coverage="100% (2/2)">
									<conditions>
										<condition number="0" type="jump" coverage="100%"/>
									</conditions>
								</line>
								<line number="199" hits="10" branch="false"/>
								<line number="201" hits="30" branch="true" condition-coverage="100% (2/2)">
									<conditions>
										<condition number="0" type="jump" coverage="100%"/>
									</conditions>
								</line>
								<line number="202" hits="10" branch="false"/>
								<line number="204" hits="20" branch="false"/>
								<line number="208" hits="60" branch="false"/>
								<line number="209" hits="60" branch="false"/>
								<line number="210" hits="60" branch="false"/>
								<line number="211" hits="60" branch="false"/>
								<line number="212" hits="60" branch="false"/>
								<line number="213" hits="60" branch="false"/>
								<line number="215" hits="60" branch="false"/>
								<line number="216" hits="60" branch="false"/>
								<line number="217" hits="60" branch="false"/>
								<line number="218" hits="60" branch="false"/>
								<line number="219" hits="60" branch="false"/>
								<line number="221" hits="10" branch="false"/>
								<line number="223" hits="10" branch="true" condition-coverage="50% (1/2)">
									<conditions>
										<condition number="0" type="jump" coverage="50%"/>
									</conditions>
								</line>
								<line number="225" hits="0" branch="false"/>
								<line number="226" hits="0" branch="false"/>
								<line number="227" hits="0" branch="false"/>
								<line number="228" hits="0" branch="false"/>
								<line number="229" hits="0" branch="false"/>
								<line number="230" hits="0" branch="false"/>
								<line number="231" hits="0" branch="false"/>
								<line number="232" hits="0" branch="false"/>
								<line number="233" hits="0" branch="false"/>
								<line number="234" hits="0" branch="false"/>
								<line number="235" hits="0" branch="false"/>
								<line number="236" hits="0" branch="false"/>
								<line number="237" hits="0" branch="false"/>
								<line number="238" hits="0" branch="false"/>
								<line number="240" hits="0" branch="true" condition-coverage="0% (0/2)">
									<conditions>
										<condition number="0" type="jump" coverage="0%"/>
									</conditions>
								</line>
								<line number="241" hits="0" branch="false"/>
								<line number="243" hits="0" branch="false"/>
								<line number="245" hits="0" branch="false"/>
								<line number="246" hits="0" branch="false"/>
								<line number="247" hits="0" branch="false"/>
								<line number="248" hits="0" branch="false"/>
								<line number="249" hits="0" branch="false"/>
								<line number="250" hits="0" branch="false"/>
								<line number="251" hits="0" branch="false"/>
								<line number="252" hits="0" branch="false"/>
								<line number="253" hits="0" branch="false"/>
								<line number="254" hits="0" branch="false"/>
								<line number="255" hits="0" branch="false"/>
								<line number="257" hits="0" branch="false"/>
								<line number="260" hits="10" branch="false"/>
								<line number="262" hits="10" branch="true" condition-coverage="50% (1/2)">
									<conditions>
										<condition number="0" type="jump" coverage="50%"/>
									</conditions>
								</line>
								<line number="263" hits="10" branch="false"/>
								<line number="268" hits="10" branch="true" condition-coverage="50% (1/2)">
									<conditions>
										<condition number="0" type="jump" coverage="50%"/>
									</conditions>
								</line>
								<line number="269" hits="10" branch="false"/>
								<line number="276" hits="10" branch="false"/>
								<line number="278" hits="10" branch="true" condition-coverage="50% (1/2)">
									<conditions>
										<condition number="0" type="jump" coverage="50%"/>
									</conditions>
								</line>
								<line number="279" hits="10" branch="false"/>
								<line number="280" hits="10" branch="false"/>
								<line number="283" hits="0" branch="false"/>
								<line number="284" hits="0" branch="false"/>
								<line number="285" hits="10" branch="false"/>
								<line number="286" hits="10" branch="false"/>
							</lines>
						</method>
					</methods>
					<lines>
						<line number="37" hits="20" branch="false"/>
						<line number="42" hits="10" branch="false"/>
						<line number="102" hits="10" branch="true" condition-coverage="50% (1/2)">
							<conditions>
								<condition number="0" type="jump" coverage="50%"/>
							</conditions>
						</line>
						<line number="103" hits="10" branch="false"/>
						<line number="104" hits="10" branch="false"/>
						<line number="105" hits="10" branch="false"/>
						<line number="106" hits="10" branch="false"/>
						<line number="107" hits="10" branch="false"/>
						<line number="108" hits="10" branch="false"/>
						<line number="109" hits="10" branch="false"/>
						<line number="110" hits="10" branch="false"/>
						<line number="111" hits="10" branch="false"/>
						<line number="112" hits="10" branch="false"/>
						<line number="113" hits="10" branch="false"/>
						<line number="114" hits="10" branch="false"/>
						<line number="115" hits="10" branch="false"/>
						<line number="116" hits="10" branch="false"/>
						<line number="117" hits="10" branch="false"/>
						<line number="118" hits="10" branch="false"/>
						<line number="119" hits="10" branch="false"/>
						<line number="122" hits="10" branch="false"/>
						<line number="124" hits="10" branch="false"/>
						<line number="126" hits="10" branch="true" condition-coverage="100% (2/2)">
							<conditions>
								<condition number="0" type="jump" coverage="100%"/>
							</conditions>
						</line>
						<line number="127" hits="30" branch="true" condition-coverage="100% (2/2)">
							<conditions>
								<condition number="0" type="jump" coverage="100%"/>
							</conditions>
						</line>
						<line number="128" hits="10" branch="false"/>
						<line number="130" hits="30" branch="false"/>
						<line number="131" hits="30" branch="true" condition-coverage="100% (2/2)">
							<conditions>
								<condition number="0" type="jump" coverage="100%"/>
							</conditions>
						</line>
						<line number="132" hits="10" branch="false"/>
						<line number="134" hits="30" branch="true" condition-coverage="100% (2/2)">
							<conditions>
								<condition number="0" type="jump" coverage="100%"/>
							</conditions>
						</line>
						<line number="135" hits="10" branch="false"/>
						<line number="137" hits="30" branch="false"/>
						<line number="140" hits="10" branch="false"/>
						<line number="141" hits="10" branch="false"/>
						<line number="142" hits="10" branch="false"/>
						<line number="143" hits="10" branch="false"/>
						<line number="144" hits="10" branch="false"/>
						<line number="145" hits="10" branch="false"/>
						<line number="146" hits="10" branch="false"/>
						<line number="147" hits="10" branch="false"/>
						<line number="148" hits="10" branch="false"/>
						<line number="149" hits="10" branch="false"/>
						<line number="150" hits="10" branch="false"/>
						<line number="151" hits="10" branch="false"/>
						<line number="152" hits="10" branch="false"/>
						<line number="153" hits="10" branch="false"/>
						<line number="154" hits="10" branch="false"/>
						<line number="155" hits="10" branch="false"/>
						<line number="156" hits="10" branch="false"/>
						<line number="157" hits="10" branch="false"/>
						<line number="159" hits="10" branch="false"/>
						<line number="161" hits="10" branch="true" condition-coverage="100% (2/2)">
							<conditions>
								<condition number="0" type="jump" coverage="100%"/>
							</conditions>
						</line>
						<line number="163" hits="60" branch="false"/>
						<line number="165" hits="60" branch="false"/>
						<line number="166" hits="60" branch="false"/>
						<line number="168" hits="60" branch="false"/>
						<line number="169" hits="60" branch="true" condition-coverage="100% (2/2)">
							<conditions>
								<condition number="0" type="jump" coverage="100%"/>
							</conditions>
						</line>
						<line number="170" hits="80" branch="true" condition-coverage="100% (2/2)">
							<conditions>
								<condition number="0" type="jump" coverage="100%"/>
							</conditions>
						</line>
						<line number="171" hits="20" branch="false"/>
						<line number="173" hits="80" branch="true" condition-coverage="75% (3/4)">
							<conditions>
								<condition number="0" type="jump" coverage="50%"/>
								<condition number="1" type="jump" coverage="100%"/>
							</conditions>
						</line>
						<line number="174" hits="10" branch="false"/>
						<line number="176" hits="70" branch="false"/>
						<line number="178" hits="80" branch="false"/>
						<line number="179" hits="80" branch="true" condition-coverage="100% (2/2)">
							<conditions>
								<condition number="0" type="jump" coverage="100%"/>
							</conditions>
						</line>
						<line number="180" hits="10" branch="true" condition-coverage="50% (1/2)">
							<conditions>
								<condition number="0" type="jump" coverage="50%"/>
							</conditions>
						</line>
						<line number="181" hits="0" branch="false"/>
						<line number="183" hits="10" branch="false"/>
						<line number="184" hits="10" branch="true" condition-coverage="50% (1/2)">
							<conditions>
								<condition number="0" type="jump" coverage="50%"/>
							</conditions>
						</line>
						<line number="185" hits="0" branch="false"/>
						<line number="190" hits="60" branch="true" condition-coverage="100% (2/2)">
							<conditions>
								<condition number="0" type="jump" coverage="100%"/>
							</conditions>
						</line>
						<line number="191" hits="30" branch="false"/>
						<line number="192" hits="30" branch="true" condition-coverage="100% (2/2)">
							<conditions>
								<condition number="0" type="jump" coverage="100%"/>
							</conditions>
						</line>
						<line number="193" hits="10" branch="false"/>
						<line number="195" hits="20" branch="false"/>
						<line number="197" hits="30" branch="false"/>
						<line number="198" hits="30" branch="true" condition-coverage="100% (2/2)">
							<conditions>
								<condition number="0" type="jump" coverage="100%"/>
							</conditions>
						</line>
						<line number="199" hits="10" branch="false"/>
						<line number="201" hits="30" branch="true" condition-coverage="100% (2/2)">
							<conditions>
								<condition number="0" type="jump" coverage="100%"/>
							</conditions>
						</line>
						<line number="202" hits="10" branch="false"/>
						<line number="204" hits="20" branch="false"/>
						<line number="208" hits="60" branch="false"/>
						<line number="209" hits="60" branch="false"/>
						<line number="210" hits="60" branch="false"/>
						<line number="211" hits="60" branch="false"/>
						<line number="212" hits="60" branch="false"/>
						<line number="213" hits="60" branch="false"/>
						<line number="215" hits="60" branch="false"/>
						<line number="216" hits="60" branch="false"/>
						<line number="217" hits="60" branch="false"/>
						<line number="218" hits="60" branch="false"/>
						<line number="219" hits="60" branch="false"/>
						<line number="221" hits="10" branch="false"/>
						<line number="223" hits="10" branch="true" condition-coverage="50% (1/2)">
							<conditions>
								<condition number="0" type="jump" coverage="50%"/>
							</conditions>
						</line>
						<line number="225" hits="0" branch="false"/>
						<line number="226" hits="0" branch="false"/>
						<line number="227" hits="0" branch="false"/>
						<line number="228" hits="0" branch="false"/>
						<line number="229" hits="0" branch="false"/>
						<line number="230" hits="0" branch="false"/>
						<line number="231" hits="0" branch="false"/>
						<line number="232" hits="0" branch="false"/>
						<line number="233" hits="0" branch="false"/>
						<line number="234" hits="0" branch="false"/>
						<line number="235" hits="0" branch="false"/>
						<line number="236" hits="0" branch="false"/>
						<line number="237" hits="0" branch="false"/>
						<line number="238" hits="0" branch="false"/>
						<line number="240" hits="0" branch="true" condition-coverage="0% (0/2)">
							<conditions>
								<condition number="0" type="jump" coverage="0%"/>
							</conditions>
						</line>
						<line number="241" hits="0" branch="false"/>
						<line number="243" hits="0" branch="false"/>
						<line number="245" hits="0" branch="false"/>
						<line number="246" hits="0" branch="false"/>
						<line number="247" hits="0" branch="false"/>
						<line number="248" hits="0" branch="false"/>
						<line number="249" hits="0" branch="false"/>
						<line number="250" hits="0" branch="false"/>
						<line number="251" hits="0" branch="false"/>
						<line number="252" hits="0" branch="false"/>
						<line number="253" hits="0" branch="false"/>
						<line number="254" hits="0" branch="false"/>
						<line number="255" hits="0" branch="false"/>
						<line number="257" hits="0" branch="false"/>
						<line number="260" hits="10" branch="false"/>
						<line number="262" hits="10" branch="true" condition-coverage="50% (1/2)">
							<conditions>
								<condition number="0" type="jump" coverage="50%"/>
							</conditions>
						</line>
						<line number="263" hits="10" branch="false"/>
						<line number="268" hits="10" branch="true" condition-coverage="50% (1/2)">
							<conditions>
								<condition number="0" type="jump" coverage="50%"/>
							</conditions>
						</line>
						<line number="269" hits="10" branch="false"/>
						<line number="276" hits="10" branch="false"/>
						<line number="278" hits="10" branch="true" condition-coverage="50% (1/2)">
							<conditions>
								<condition number="0" type="jump" coverage="50%"/>
							</conditions>
						</line>
						<line number="279" hits="10" branch="false"/>
						<line number="280" hits="10" branch="false"/>
						<line number="283" hits="0" branch="false"/>
						<line number="284" hits="0" branch="false"/>
						<line number="285" hits="10" branch="false"/>
						<line number="286" hits="10" branch="false"/>
					</lines>
				</class>
				<class name="org.hyphenType.documentation.lib.HTMLFormatterEngine$HTMLFormatter" filename="org/hyphenType/documentation/lib/HTMLFormatterEngine.java" line-rate="1.0" branch-rate="1.0" complexity="24.0">
					<methods>
					</methods>
					<lines>
					</lines>
				</class>
				<class name="org.hyphenType.documentation.lib.StandardFormatterEngine" filename="org/hyphenType/documentation/lib/StandardFormatterEngine.java" line-rate="0.9385964912280702" branch-rate="0.9102564102564102" complexity="14.333333333333334">
					<methods>
						<method name="&lt;init&gt;" signature="()V" line-rate="1.0" branch-rate="1.0">
							<lines>
								<line number="47" hits="180" branch="false"/>
							</lines>
						</method>
						<method name="print" signature="(Ljava/lang/String;Ljava/lang/String;IIIZ)Ljava/lang/String;" line-rate="1.0" branch-rate="0.9411764705882353">
							<lines>
								<line number="229" hits="450" branch="false"/>
								<line number="230" hits="450" branch="false"/>
								<line number="232" hits="450" branch="false"/>
								<line number="233" hits="450" branch="true" condition-coverage="100% (2/2)">
									<conditions>
										<condition number="0" type="jump" coverage="100%"/>
									</conditions>
								</line>
								<line number="234" hits="120" branch="false"/>
								<line number="235" hits="120" branch="false"/>
								<line number="237" hits="330" branch="false"/>
								<line number="240" hits="450" branch="true" condition-coverage="100% (2/2)">
									<conditions>
										<condition number="0" type="jump" coverage="100%"/>
									</conditions>
								</line>
								<line number="241" hits="430" branch="false"/>
								<line number="242" hits="1708" branch="true" condition-coverage="100% (2/2)">
									<conditions>
										<condition number="0" type="jump" coverage="100%"/>
									</conditions>
								</line>
								<line number="243" hits="1278" branch="false"/>
								<line number="244" hits="1278" branch="true" condition-coverage="100% (2/2)">
									<conditions>
										<condition number="0" type="jump" coverage="100%"/>
									</conditions>
								</line>
								<line number="246" hits="170" branch="true" condition-coverage="100% (2/2)">
									<conditions>
										<condition number="0" type="jump" coverage="100%"/>
									</conditions>
								</line>
								<line number="247" hits="220" branch="true" condition-coverage="100% (2/2)">
									<conditions>
										<condition number="0" type="jump" coverage="100%"/>
									</conditions>
								</line>
								<line number="250" hits="160" branch="false"/>
								<line number="251" hits="160" branch="false"/>
								<line number="252" hits="160" branch="false"/>
								<line number="253" hits="160" branch="false"/>
								<line number="254" hits="160" branch="false"/>
								<line number="255" hits="160" branch="false"/>
								<line number="256" hits="60" branch="true" condition-coverage="50% (1/2)">
									<conditions>
										<condition number="0" type="jump" coverage="50%"/>
									</conditions>
								</line>
								<line number="257" hits="60" branch="false"/>
								<line number="259" hits="60" branch="true" condition-coverage="75% (3/4)">
									<conditions>
										<condition number="0" type="jump" coverage="100%"/>
										<condition number="1" type="jump" coverage="50%"/>
									</conditions>
								</line>
								<line number="260" hits="10" branch="false"/>
								<line number="263" hits="110" branch="false"/>
								<line number="264" hits="110" branch="false"/>
								<line number="265" hits="110" branch="true" condition-coverage="100% (4/4)">
									<conditions>
										<condition number="0" type="jump" coverage="100%"/>
										<condition number="1" type="jump" coverage="100%"/>
									</conditions>
								</line>
								<line number="266" hits="70" branch="false"/>
								<line number="270" hits="1108" branch="false"/>
								<line number="271" hits="1108" branch="true" condition-coverage="100% (4/4)">
									<conditions>
										<condition number="0" type="jump" coverage="100%"/>
										<condition number="1" type="jump" coverage="100%"/>
									</conditions>
								</line>
								<line number="272" hits="854" branch="false"/>
								<line number="275" hits="1278" branch="false"/>
								<line number="276" hits="430" branch="false"/>
								<line number="277" hits="560" branch="true" condition-coverage="100% (2/2)">
									<conditions>
										<condition number="0" type="jump" coverage="100%"/>
									</conditions>
								</line>
								<line number="278" hits="540" branch="true" condition-coverage="100% (2/2)">
									<conditions>
										<condition number="0" type="jump" coverage="100%"/>
									</conditions>
								</line>
								<line number="279" hits="120" branch="false"/>
								<line number="280" hits="120" branch="false"/>
								<line number="282" hits="540" branch="false"/>
								<line number="283" hits="540" branch="true" condition-coverage="100% (2/2)">
									<conditions>
										<condition number="0" type="jump" coverage="100%"/>
									</conditions>
								</line>
								<line number="284" hits="130" branch="false"/>
								<line number="285" hits="130" branch="false"/>
								<line number="289" hits="450" branch="true" condition-coverage="100% (2/2)">
									<conditions>
										<condition number="0" type="jump" coverage="100%"/>
									</conditions>
								</line>
								<line number="290" hits="314" branch="false"/>
								<line number="292" hits="450" branch="false"/>
							</lines>
						</method>
						<method name="printDocumentation" signature="(Ljava/io/PrintStream;Lorg/hyphenType/lexerparser/LexerParser;Ljava/lang/annotation/Annotation;)V" line-rate="1.0" branch-rate="1.0">
							<lines>
								<line number="40" hits="240" branch="false"/>
							</lines>
						</method>
						<method name="printDocumentation" signature="(Ljava/io/PrintStream;Lorg/hyphenType/lexerparser/LexerParser;Lorg/hyphenType/documentation/lib/StandardFormatterEngine$StandardFormatter;)V" line-rate="0.890625" branch-rate="0.8809523809523809">
							<lines>
								<line number="110" hits="60" branch="false"/>
								<line number="111" hits="60" branch="true" condition-coverage="100% (2/2)">
									<conditions>
										<condition number="0" type="jump" coverage="100%"/>
									</conditions>
								</line>
								<line number="112" hits="50" branch="false"/>
								<line number="115" hits="60" branch="true" condition-coverage="100% (2/2)">
									<conditions>
										<condition number="0" type="jump" coverage="100%"/>
									</conditions>
								</line>
								<line number="116" hits="150" branch="true" condition-coverage="100% (2/2)">
									<conditions>
										<condition number="0" type="jump" coverage="100%"/>
									</conditions>
								</line>
								<line number="117" hits="130" branch="false"/>
								<line number="119" hits="150" branch="false"/>
								<line number="120" hits="150" branch="true" condition-coverage="100% (2/2)">
									<conditions>
										<condition number="0" type="jump" coverage="100%"/>
									</conditions>
								</line>
								<line number="121" hits="20" branch="false"/>
								<line number="123" hits="150" branch="true" condition-coverage="100% (2/2)">
									<conditions>
										<condition number="0" type="jump" coverage="100%"/>
									</conditions>
								</line>
								<line number="124" hits="130" branch="false"/>
								<line number="126" hits="150" branch="false"/>
								<line number="129" hits="60" branch="false"/>
								<line number="130" hits="60" branch="false"/>
								<line number="132" hits="60" branch="false"/>
								<line number="133" hits="60" branch="true" condition-coverage="100% (2/2)">
									<conditions>
										<condition number="0" type="jump" coverage="100%"/>
									</conditions>
								</line>
								<line number="134" hits="150" branch="false"/>
								<line number="136" hits="60" branch="true" condition-coverage="50% (1/2)">
									<conditions>
										<condition number="0" type="jump" coverage="50%"/>
									</conditions>
								</line>
								<line number="137" hits="60" branch="false"/>
								<line number="138" hits="60" branch="false"/>
								<line number="139" hits="60" branch="false"/>
								<line number="140" hits="60" branch="false"/>
								<line number="143" hits="60" branch="false"/>
								<line number="144" hits="60" branch="false"/>
								<line number="145" hits="60" branch="false"/>
								<line number="147" hits="60" branch="true" condition-coverage="100% (2/2)">
									<conditions>
										<condition number="0" type="jump" coverage="100%"/>
									</conditions>
								</line>
								<line number="148" hits="120" branch="false"/>
								<line number="149" hits="120" branch="true" condition-coverage="100% (2/2)">
									<conditions>
										<condition number="0" type="jump" coverage="100%"/>
									</conditions>
								</line>
								<line number="150" hits="160" branch="true" condition-coverage="100% (2/2)">
									<conditions>
										<condition number="0" type="jump" coverage="100%"/>
									</conditions>
								</line>
								<line number="151" hits="40" branch="false"/>
								<line number="153" hits="160" branch="true" condition-coverage="75% (3/4)">
									<conditions>
										<condition number="0" type="jump" coverage="50%"/>
										<condition number="1" type="jump" coverage="100%"/>
									</conditions>
								</line>
								<line number="154" hits="30" branch="false"/>
								<line number="156" hits="130" branch="false"/>
								<line number="158" hits="160" branch="false"/>
								<line number="159" hits="160" branch="true" condition-coverage="100% (2/2)">
									<conditions>
										<condition number="0" type="jump" coverage="100%"/>
									</conditions>
								</line>
								<line number="160" hits="30" branch="true" condition-coverage="100% (2/2)">
									<conditions>
										<condition number="0" type="jump" coverage="100%"/>
									</conditions>
								</line>
								<line number="161" hits="20" branch="false"/>
								<line number="163" hits="30" branch="false"/>
								<line number="164" hits="30" branch="true" condition-coverage="100% (2/2)">
									<conditions>
										<condition number="0" type="jump" coverage="100%"/>
									</conditions>
								</line>
								<line number="165" hits="20" branch="false"/>
								<line number="170" hits="120" branch="true" condition-coverage="100% (2/2)">
									<conditions>
										<condition number="0" type="jump" coverage="100%"/>
									</conditions>
								</line>
								<line number="171" hits="60" branch="false"/>
								<line number="172" hits="60" branch="true" condition-coverage="100% (2/2)">
									<conditions>
										<condition number="0" type="jump" coverage="100%"/>
									</conditions>
								</line>
								<line number="173" hits="30" branch="false"/>
								<line number="175" hits="30" branch="false"/>
								<line number="177" hits="60" branch="false"/>
								<line number="178" hits="60" branch="true" condition-coverage="100% (2/2)">
									<conditions>
										<condition number="0" type="jump" coverage="100%"/>
									</conditions>
								</line>
								<line number="179" hits="20" branch="false"/>
								<line number="181" hits="60" branch="true" condition-coverage="100% (2/2)">
									<conditions>
										<condition number="0" type="jump" coverage="100%"/>
									</conditions>
								</line>
								<line number="182" hits="30" branch="false"/>
								<line number="184" hits="30" branch="false"/>
								<line number="188" hits="120" branch="false"/>
								<line number="189" hits="120" branch="false"/>
								<line number="190" hits="120" branch="false"/>
								<line number="192" hits="60" branch="true" condition-coverage="50% (1/2)">
									<conditions>
										<condition number="0" type="jump" coverage="50%"/>
									</conditions>
								</line>
								<line number="194" hits="0" branch="false"/>
								<line number="195" hits="0" branch="false"/>
								<line number="197" hits="0" branch="true" condition-coverage="0% (0/2)">
									<conditions>
										<condition number="0" type="jump" coverage="0%"/>
									</conditions>
								</line>
								<line number="198" hits="0" branch="false"/>
								<line number="199" hits="0" branch="false"/>
								<line number="202" hits="0" branch="false"/>
								<line number="203" hits="0" branch="false"/>
								<line number="204" hits="60" branch="false"/>
								<line number="205" hits="60" branch="false"/>
							</lines>
						</method>
						<method name="space" signature="(I)Ljava/lang/String;" line-rate="1.0" branch-rate="1.0">
							<lines>
								<line number="302" hits="1290" branch="false"/>
								<line number="303" hits="11662" branch="true" condition-coverage="100% (2/2)">
									<conditions>
										<condition number="0" type="jump" coverage="100%"/>
									</conditions>
								</line>
								<line number="304" hits="10372" branch="false"/>
								<line number="306" hits="1290" branch="false"/>
							</lines>
						</method>
					</methods>
					<lines>
						<line number="40" hits="240" branch="false"/>
						<line number="47" hits="180" branch="false"/>
						<line number="110" hits="60" branch="false"/>
						<line number="111" hits="60" branch="true" condition-coverage="100% (2/2)">
							<conditions>
								<condition number="0" type="jump" coverage="100%"/>
							</conditions>
						</line>
						<line number="112" hits="50" branch="false"/>
						<line number="115" hits="60" branch="true" condition-coverage="100% (2/2)">
							<conditions>
								<condition number="0" type="jump" coverage="100%"/>
							</conditions>
						</line>
						<line number="116" hits="150" branch="true" condition-coverage="100% (2/2)">
							<conditions>
								<condition number="0" type="jump" coverage="100%"/>
							</conditions>
						</line>
						<line number="117" hits="130" branch="false"/>
						<line number="119" hits="150" branch="false"/>
[...]
								<line number="362" hits="138" branch="false"/>
								<line number="364" hits="0" branch="false"/>
								<line number="365" hits="0" branch="false"/>
								<line number="366" hits="0" branch="false"/>
								<line number="367" hits="0" branch="false"/>
								<line number="368" hits="0" branch="false"/>
								<line number="369" hits="0" branch="false"/>
								<line number="370" hits="0" branch="false"/>
								<line number="371" hits="0" branch="false"/>
								<line number="372" hits="0" branch="false"/>
								<line number="373" hits="0" branch="false"/>
								<line number="374" hits="0" branch="false"/>
								<line number="375" hits="0" branch="false"/>
								<line number="376" hits="0" branch="false"/>
								<line number="377" hits="138" branch="false"/>
								<line number="381" hits="138" branch="true" condition-coverage="50% (1/2)">
									<conditions>
										<condition number="0" type="jump" coverage="50%"/>
									</conditions>
								</line>
								<line number="382" hits="0" branch="false"/>
								<line number="383" hits="0" branch="true" condition-coverage="0% (0/2)">
									<conditions>
										<condition number="0" type="jump" coverage="0%"/>
									</conditions>
								</line>
								<line number="384" hits="0" branch="false"/>
								<line number="387" hits="138" branch="false"/>
							</lines>
						</method>
						<method name="main" signature="(Ljava/lang/Class;[Ljava/lang/String;)V" line-rate="1.0" branch-rate="1.0">
							<lines>
								<line number="243" hits="30" branch="false"/>
								<line number="244" hits="30" branch="false"/>
							</lines>
						</method>
						<method name="main" signature="([Ljava/lang/String;)V" line-rate="0.3728813559322034" branch-rate="0.4583333333333333">
							<lines>
								<line number="96" hits="20" branch="false"/>
								<line number="106" hits="20" branch="false"/>
								<line number="107" hits="0" branch="false"/>
								<line number="108" hits="0" branch="false"/>
								<line number="109" hits="0" branch="false"/>
								<line number="110" hits="0" branch="false"/>
								<line number="111" hits="20" branch="false"/>
								<line number="112" hits="20" branch="false"/>
								<line number="113" hits="0" branch="false"/>
								<line number="114" hits="0" branch="false"/>
								<line number="115" hits="20" branch="false"/>
								<line number="121" hits="20" branch="false"/>
								<line number="122" hits="20" branch="true" condition-coverage="50% (1/2)">
									<conditions>
										<condition number="0" type="jump" coverage="50%"/>
									</conditions>
								</line>
								<line number="124" hits="0" branch="false"/>
								<line number="125" hits="0" branch="false"/>
								<line number="126" hits="0" branch="false"/>
								<line number="128" hits="0" branch="false"/>
								<line number="129" hits="0" branch="false"/>
								<line number="130" hits="0" branch="false"/>
								<line number="131" hits="0" branch="false"/>
								<line number="132" hits="20" branch="false"/>
								<line number="134" hits="20" branch="false"/>
								<line number="139" hits="20" branch="true" condition-coverage="66% (4/6)">
									<conditions>
										<condition number="0" type="jump" coverage="50%"/>
										<condition number="1" type="jump" coverage="50%"/>
										<condition number="2" type="jump" coverage="100%"/>
									</conditions>
								</line>
								<line number="140" hits="10" branch="false"/>
								<line number="141" hits="10" branch="false"/>
								<line number="147" hits="20" branch="true" condition-coverage="100% (2/2)">
									<conditions>
										<condition number="0" type="jump" coverage="100%"/>
									</conditions>
								</line>
								<line number="148" hits="10" branch="false"/>
								<line number="154" hits="20" branch="true" condition-coverage="50% (1/2)">
									<conditions>
										<condition number="0" type="jump" coverage="50%"/>
									</conditions>
								</line>
								<line number="155" hits="0" branch="false"/>
								<line number="167" hits="20" branch="true" condition-coverage="50% (1/2)">
									<conditions>
										<condition number="0" type="jump" coverage="50%"/>
									</conditions>
								</line>
								<line number="169" hits="0" branch="false"/>
								<line number="170" hits="0" branch="true" condition-coverage="0% (0/2)">
									<conditions>
										<condition number="0" type="jump" coverage="0%"/>
									</conditions>
								</line>
								<line number="172" hits="0" branch="false"/>
								<line number="173" hits="0" branch="false"/>
								<line number="174" hits="0" branch="false"/>
								<line number="176" hits="0" branch="false"/>
								<line number="177" hits="0" branch="false"/>
								<line number="178" hits="0" branch="false"/>
								<line number="179" hits="0" branch="false"/>
								<line number="180" hits="0" branch="false"/>
								<line number="186" hits="20" branch="true" condition-coverage="50% (1/2)">
									<conditions>
										<condition number="0" type="jump" coverage="50%"/>
									</conditions>
								</line>
								<line number="188" hits="0" branch="false"/>
								<line number="192" hits="0" branch="true" condition-coverage="0% (0/2)">
									<conditions>
										<condition number="0" type="jump" coverage="0%"/>
									</conditions>
								</line>
								<line number="193" hits="0" branch="false"/>
								<line number="195" hits="0" branch="true" condition-coverage="0% (0/2)">
									<conditions>
										<condition number="0" type="jump" coverage="0%"/>
									</conditions>
								</line>
								<line number="196" hits="0" branch="false"/>
								<line number="198" hits="0" branch="false"/>
								<line number="199" hits="0" branch="false"/>
								<line number="200" hits="0" branch="false"/>
								<line number="203" hits="20" branch="true" condition-coverage="50% (1/2)">
									<conditions>
										<condition number="0" type="jump" coverage="50%"/>
									</conditions>
								</line>
								<line number="204" hits="0" branch="false"/>
								<line number="205" hits="0" branch="false"/>
								<line number="210" hits="20" branch="false"/>
								<line number="211" hits="0" branch="false"/>
								<line number="212" hits="0" branch="false"/>
								<line number="213" hits="0" branch="false"/>
								<line number="214" hits="20" branch="false"/>
								<line number="216" hits="20" branch="false"/>
								<line number="217" hits="20" branch="false"/>
							</lines>
						</method>
						<method name="mainClassInvalid" signature="(Ljava/lang/String;)Z" line-rate="0.7142857142857143" branch-rate="1.0">
							<lines>
								<line number="220" hits="120" branch="true" condition-coverage="100% (2/2)">
									<conditions>
										<condition number="0" type="jump" coverage="100%"/>
									</conditions>
								</line>
								<line number="221" hits="30" branch="false"/>
								<line number="223" hits="90" branch="false"/>
								<line number="224" hits="0" branch="false"/>
								<line number="225" hits="0" branch="false"/>
								<line number="226" hits="90" branch="false"/>
								<line number="227" hits="90" branch="false"/>
							</lines>
						</method>
						<method name="options" signature="()Lorg/hyphenType/datastructure/Options;" line-rate="0.0" branch-rate="1.0">
							<lines>
								<line number="443" hits="0" branch="false"/>
							</lines>
						</method>
						<method name="printExceptionMessage" signature="(Ljava/util/List;Ljava/lang/Exception;)V" line-rate="0.8" branch-rate="1.0">
							<lines>
								<line number="390" hits="20" branch="false"/>
								<line number="391" hits="20" branch="false"/>
								<line number="392" hits="20" branch="false"/>
								<line number="393" hits="20" branch="false"/>
								<line number="395" hits="20" branch="false"/>
								<line number="396" hits="0" branch="false"/>
								<line number="398" hits="0" branch="false"/>
								<line number="399" hits="20" branch="false"/>
								<line number="400" hits="20" branch="false"/>
								<line number="401" hits="20" branch="false"/>
							</lines>
						</method>
					</methods>
					<lines>
						<line number="53" hits="286" branch="false"/>
						<line number="96" hits="20" branch="false"/>
						<line number="106" hits="20" branch="false"/>
						<line number="107" hits="0" branch="false"/>
						<line number="108" hits="0" branch="false"/>
						<line number="109" hits="0" branch="false"/>
						<line number="110" hits="0" branch="false"/>
						<line number="111" hits="20" branch="false"/>
						<line number="112" hits="20" branch="false"/>
						<line number="113" hits="0" branch="false"/>
						<line number="114" hits="0" branch="false"/>
						<line number="115" hits="20" branch="false"/>
						<line number="121" hits="20" branch="false"/>
						<line number="122" hits="20" branch="true" condition-coverage="50% (1/2)">
							<conditions>
								<condition number="0" type="jump" coverage="50%"/>
							</conditions>
						</line>
						<line number="124" hits="0" branch="false"/>
						<line number="125" hits="0" branch="false"/>
						<line number="126" hits="0" branch="false"/>
						<line number="128" hits="0" branch="false"/>
						<line number="129" hits="0" branch="false"/>
						<line number="130" hits="0" branch="false"/>
						<line number="131" hits="0" branch="false"/>
						<line number="132" hits="20" branch="false"/>
						<line number="134" hits="20" branch="false"/>
						<line number="139" hits="20" branch="true" condition-coverage="66% (4/6)">
							<conditions>
								<condition number="0" type="jump" coverage="50%"/>
								<condition number="1" type="jump" coverage="50%"/>
								<condition number="2" type="jump" coverage="100%"/>
							</conditions>
						</line>
						<line number="140" hits="10" branch="false"/>
						<line number="141" hits="10" branch="false"/>
						<line number="147" hits="20" branch="true" condition-coverage="100% (2/2)">
							<conditions>
								<condition number="0" type="jump" coverage="100%"/>
							</conditions>
						</line>
						<line number="148" hits="10" branch="false"/>
						<line number="154" hits="20" branch="true" condition-coverage="50% (1/2)">
							<conditions>
								<condition number="0" type="jump" coverage="50%"/>
							</conditions>
						</line>
						<line number="155" hits="0" branch="false"/>
						<line number="167" hits="20" branch="true" condition-coverage="50% (1/2)">
							<conditions>
								<condition number="0" type="jump" coverage="50%"/>
							</conditions>
						</line>
						<line number="169" hits="0" branch="false"/>
						<line number="170" hits="0" branch="true" condition-coverage="0% (0/2)">
							<conditions>
								<condition number="0" type="jump" coverage="0%"/>
							</conditions>
						</line>
						<line number="172" hits="0" branch="false"/>
						<line number="173" hits="0" branch="false"/>
						<line number="174" hits="0" branch="false"/>
						<line number="176" hits="0" branch="false"/>
						<line number="177" hits="0" branch="false"/>
						<line number="178" hits="0" branch="false"/>
						<line number="179" hits="0" branch="false"/>
						<line number="180" hits="0" branch="false"/>
						<line number="186" hits="20" branch="true" condition-coverage="50% (1/2)">
							<conditions>
								<condition number="0" type="jump" coverage="50%"/>
							</conditions>
						</line>
						<line number="188" hits="0" branch="false"/>
						<line number="192" hits="0" branch="true" condition-coverage="0% (0/2)">
							<conditions>
								<condition number="0" type="jump" coverage="0%"/>
							</conditions>
						</line>
						<line number="193" hits="0" branch="false"/>
						<line number="195" hits="0" branch="true" condition-coverage="0% (0/2)">
							<conditions>
								<condition number="0" type="jump" coverage="0%"/>
							</conditions>
						</line>
						<line number="196" hits="0" branch="false"/>
						<line number="198" hits="0" branch="false"/>
						<line number="199" hits="0" branch="false"/>
						<line number="200" hits="0" branch="false"/>
						<line number="203" hits="20" branch="true" condition-coverage="50% (1/2)">
							<conditions>
								<condition number="0" type="jump" coverage="50%"/>
							</conditions>
						</line>
						<line number="204" hits="0" branch="false"/>
						<line number="205" hits="0" branch="false"/>
						<line number="210" hits="20" branch="false"/>
						<line number="211" hits="0" branch="false"/>
						<line number="212" hits="0" branch="false"/>
						<line number="213" hits="0" branch="false"/>
						<line number="214" hits="20" branch="false"/>
						<line number="216" hits="20" branch="false"/>
						<line number="217" hits="20" branch="false"/>
						<line number="220" hits="120" branch="true" condition-coverage="100% (2/2)">
							<conditions>
								<condition number="0" type="jump" coverage="100%"/>
							</conditions>
						</line>
						<line number="221" hits="30" branch="false"/>
						<line number="223" hits="90" branch="false"/>
						<line number="224" hits="0" branch="false"/>
						<line number="225" hits="0" branch="false"/>
						<line number="226" hits="90" branch="false"/>
						<line number="227" hits="90" branch="false"/>
						<line number="243" hits="30" branch="false"/>
						<line number="244" hits="30" branch="false"/>
						<line number="264" hits="50" branch="false"/>
						<line number="265" hits="50" branch="false"/>
						<line number="282" hits="188" branch="false"/>
						<line number="284" hits="2068" branch="true" condition-coverage="100% (2/2)">
							<conditions>
								<condition number="0" type="jump" coverage="100%"/>
							</conditions>
						</line>
						<line number="285" hits="1930" branch="true" condition-coverage="100% (2/2)">
							<conditions>
								<condition number="0" type="jump" coverage="100%"/>
							</conditions>
						</line>
						<line number="286" hits="384" branch="true" condition-coverage="100% (2/2)">
							<conditions>
								<condition number="0" type="jump" coverage="100%"/>
							</conditions>
						</line>
						<line number="287" hits="246" branch="true" condition-coverage="66% (4/6)">
							<conditions>
								<condition number="0" type="jump" coverage="100%"/>
								<condition number="1" type="jump" coverage="50%"/>
								<condition number="2" type="jump" coverage="50%"/>
							</conditions>
						</line>
						<line number="290" hits="98" branch="false"/>
						<line number="292" hits="148" branch="true" condition-coverage="75% (3/4)">
							<conditions>
								<condition number="0" type="jump" coverage="50%"/>
								<condition number="1" type="jump" coverage="100%"/>
							</conditions>
						</line>
						<line number="295" hits="98" branch="false"/>
						<line number="298" hits="188" branch="true" condition-coverage="50% (1/2)">
							<conditions>
								<condition number="0" type="jump" coverage="50%"/>
							</conditions>
						</line>
						<line number="299" hits="0" branch="false"/>
						<line number="300" hits="0" branch="false"/>
						<line number="302" hits="188" branch="true" condition-coverage="50% (1/2)">
							<conditions>
								<condition number="0" type="jump" coverage="50%"/>
							</conditions>
						</line>
						<line number="303" hits="0" branch="false"/>
						<line number="304" hits="0" branch="false"/>
						<line number="306" hits="188" branch="true" condition-coverage="50% (1/2)">
							<conditions>
								<condition number="0" type="jump" coverage="50%"/>
							</conditions>
						</line>
						<line number="307" hits="0" branch="false"/>
						<line number="308" hits="0" branch="false"/>
						<line number="315" hits="188" branch="false"/>
						<line number="316" hits="188" branch="false"/>
						<line number="317" hits="0" branch="false"/>
						<line number="318" hits="0" branch="false"/>
						<line number="319" hits="0" branch="false"/>
						<line number="320" hits="0" branch="false"/>
						<line number="321" hits="0" branch="false"/>
						<line number="322" hits="0" branch="false"/>
						<line number="323" hits="0" branch="false"/>
						<line number="324" hits="0" branch="false"/>
						<line number="325" hits="188" branch="false"/>
						<line number="327" hits="188" branch="false"/>
						<line number="329" hits="188" branch="true" condition-coverage="100% (2/2)">
							<conditions>
								<condition number="0" type="jump" coverage="100%"/>
							</conditions>
						</line>
						<line number="332" hits="138" branch="false"/>
						<line number="333" hits="0" branch="false"/>
						<line number="334" hits="0" branch="false"/>
						<line number="335" hits="0" branch="false"/>
						<line number="336" hits="138" branch="false"/>
						<line number="337" hits="138" branch="false"/>
						<line number="346" hits="188" branch="false"/>
						<line number="348" hits="50" branch="false"/>
						<line number="349" hits="50" branch="true" condition-coverage="100% (2/2)">
							<conditions>
								<condition number="0" type="jump" coverage="100%"/>
							</conditions>
						</line>
						<line number="350" hits="10" branch="false"/>
						<line number="351" hits="40" branch="true" condition-coverage="50% (1/2)">
							<conditions>
								<condition number="0" type="jump" coverage="50%"/>
							</conditions>
						</line>
						<line number="356" hits="20" branch="false"/>
						<line number="357" hits="20" branch="false"/>
						<line number="358" hits="20" branch="true" condition-coverage="50% (1/2)">
							<conditions>
								<condition number="0" type="jump" coverage="50%"/>
							</conditions>
						</line>
						<line number="359" hits="20" branch="false"/>
						<line number="362" hits="138" branch="false"/>
						<line number="364" hits="0" branch="false"/>
						<line number="365" hits="0" branch="false"/>
						<line number="366" hits="0" branch="false"/>
						<line number="367" hits="0" branch="false"/>
						<line number="368" hits="0" branch="false"/>
						<line number="369" hits="0" branch="false"/>
						<line number="370" hits="0" branch="false"/>
						<line number="371" hits="0" branch="false"/>
						<line number="372" hits="0" branch="false"/>
						<line number="373" hits="0" branch="false"/>
						<line number="374" hits="0" branch="false"/>
						<line number="375" hits="0" branch="false"/>
						<line number="376" hits="0" branch="false"/>
						<line number="377" hits="138" branch="false"/>
						<line number="381" hits="138" branch="true" condition-coverage="50% (1/2)">
							<conditions>
								<condition number="0" type="jump" coverage="50%"/>
							</conditions>
						</line>
						<line number="382" hits="0" branch="false"/>
						<line number="383" hits="0" branch="true" condition-coverage="0% (0/2)">
							<conditions>
								<condition number="0" type="jump" coverage="0%"/>
							</conditions>
						</line>
						<line number="384" hits="0" branch="false"/>
						<line number="387" hits="138" branch="false"/>
						<line number="390" hits="20" branch="false"/>
						<line number="391" hits="20" branch="false"/>
						<line number="392" hits="20" branch="false"/>
						<line number="393" hits="20" branch="false"/>
						<line number="395" hits="20" branch="false"/>
						<line number="396" hits="0" branch="false"/>
						<line number="398" hits="0" branch="false"/>
						<line number="399" hits="20" branch="false"/>
						<line number="400" hits="20" branch="false"/>
						<line number="401" hits="20" branch="false"/>
						<line number="425" hits="50" branch="false"/>
						<line number="426" hits="50" branch="false"/>
						<line number="427" hits="50" branch="false"/>
						<line number="443" hits="0" branch="false"/>
					</lines>
				</class>
			</classes>
		</package>
	</packages>
</coverage>
